::1 - - [21/Nov/2024:18:58:53 -0300] "GET /trabaio/index.php HTTP/1.1" 200 5641
::1 - - [21/Nov/2024:18:58:53 -0300] "GET /trabaio/css/styles.css HTTP/1.1" 304 -
::1 - - [21/Nov/2024:18:58:53 -0300] "GET /trabaio/css/styles_index.css HTTP/1.1" 304 -
::1 - - [21/Nov/2024:18:58:53 -0300] "GET /trabaio/imagens/caminhao.jpg HTTP/1.1" 304 -
::1 - - [21/Nov/2024:18:58:53 -0300] "GET /trabaio/imagens/logo.png HTTP/1.1" 304 -
::1 - - [21/Nov/2024:18:58:53 -0300] "GET /trabaio/imagens/grafico.png HTTP/1.1" 304 -
::1 - - [21/Nov/2024:18:58:53 -0300] "GET /trabaio/imagens/engrenagem.png HTTP/1.1" 304 -
::1 - - [21/Nov/2024:18:58:53 -0300] "GET /trabaio/imagens/relogio.png HTTP/1.1" 304 -
::1 - - [21/Nov/2024:18:58:53 -0300] "GET /trabaio/js/carrosselIndex.js HTTP/1.1" 304 -
::1 - - [21/Nov/2024:18:58:53 -0300] "GET /trabaio/imagens/cacamba2.png HTTP/1.1" 304 -
::1 - - [21/Nov/2024:18:58:53 -0300] "GET /trabaio/imagens/cacamba3.png HTTP/1.1" 304 -
::1 - - [21/Nov/2024:18:58:53 -0300] "GET /trabaio/imagens/cacamba1.png HTTP/1.1" 304 -
::1 - - [21/Nov/2024:18:58:53 -0300] "GET /favicon.ico HTTP/1.1" 404 209
::1 - - [21/Nov/2024:18:58:55 -0300] "GET /trabaio/login.php HTTP/1.1" 200 3101
::1 - - [21/Nov/2024:18:58:55 -0300] "GET /trabaio/css/styles%20-%20cadastro.css HTTP/1.1" 304 -
::1 - - [21/Nov/2024:18:58:57 -0300] "GET /trabaio/logincliente.php HTTP/1.1" 200 2213
::1 - - [21/Nov/2024:18:58:57 -0300] "GET /trabaio/css/styles-login.css HTTP/1.1" 404 226
::1 - - [21/Nov/2024:18:59:01 -0300] "POST /trabaio/logincliente.php HTTP/1.1" 302 -
::1 - - [21/Nov/2024:18:59:01 -0300] "GET /trabaio/index.php HTTP/1.1" 200 5616
::1 - - [21/Nov/2024:18:59:02 -0300] "GET /trabaio/imagens/perfil.png HTTP/1.1" 304 -
::1 - - [21/Nov/2024:18:59:02 -0300] "GET /trabaio/imagens/sair.png HTTP/1.1" 304 -
::1 - - [21/Nov/2024:18:59:05 -0300] "GET /trabaio/perfilcliente.php HTTP/1.1" 200 6840
::1 - - [21/Nov/2024:18:59:05 -0300] "GET /trabaio/css/styles-perfil.css HTTP/1.1" 404 227
::1 - - [21/Nov/2024:18:59:08 -0300] "GET /trabaio/index.php HTTP/1.1" 200 5616
::1 - - [21/Nov/2024:18:59:26 -0300] "GET /trabaio/perfilcliente.php HTTP/1.1" 200 6840
::1 - - [21/Nov/2024:18:59:26 -0300] "GET /trabaio/css/styles-perfil.css HTTP/1.1" 404 227
::1 - - [21/Nov/2024:18:59:35 -0300] "GET /trabaio/index.php HTTP/1.1" 200 5616
::1 - - [21/Nov/2024:18:59:36 -0300] "GET /trabaio/cacambas.php HTTP/1.1" 200 8712
::1 - - [21/Nov/2024:18:59:36 -0300] "GET /trabaio/css/styles%20-%20cacambas.css HTTP/1.1" 304 -
::1 - - [21/Nov/2024:18:59:36 -0300] "GET /trabaio/imagens/lupa.png HTTP/1.1" 304 -
::1 - - [21/Nov/2024:18:59:36 -0300] "GET /trabaio/imagens/672c04e576062-baconbacon.png HTTP/1.1" 304 -
::1 - - [21/Nov/2024:18:59:36 -0300] "GET /trabaio/imagens/672c012e6f359-ANDER.jfif HTTP/1.1" 304 -
::1 - - [21/Nov/2024:18:59:36 -0300] "GET /trabaio/imagens/672c05cbdf477-gelado.jfif HTTP/1.1" 304 -
::1 - - [21/Nov/2024:18:59:36 -0300] "GET /trabaio/imagens/672c06fba669d-igucafajeste.jfif HTTP/1.1" 304 -
::1 - - [21/Nov/2024:18:59:36 -0300] "GET /trabaio/imagens/672c05f3b42cd-henrique.jfif HTTP/1.1" 304 -
::1 - - [21/Nov/2024:18:59:36 -0300] "GET /trabaio/imagens/672c07a319836-joao.png HTTP/1.1" 304 -
::1 - - [21/Nov/2024:18:59:36 -0300] "GET /trabaio/imagens/672c09aba8bfc-diugenes.png HTTP/1.1" 304 -
::1 - - [21/Nov/2024:18:59:36 -0300] "GET /trabaio/imagens/672c09e4b07d3-pinrobo.jfif HTTP/1.1" 304 -
::1 - - [21/Nov/2024:18:59:36 -0300] "GET /trabaio/imagens/67329241d07e1-Captura%20de%20tela%202024-11-11%20200149.png HTTP/1.1" 304 -
::1 - - [21/Nov/2024:18:59:36 -0300] "GET /trabaio/imagens/672c101319a07-imagem_2024-11-06_215532311.png HTTP/1.1" 304 -
::1 - - [21/Nov/2024:18:59:42 -0300] "GET /trabaio/perfilcliente.php HTTP/1.1" 200 6840
::1 - - [21/Nov/2024:18:59:42 -0300] "GET /trabaio/css/styles-perfil.css HTTP/1.1" 404 227
::1 - - [21/Nov/2024:18:59:56 -0300] "GET /trabaio/index.php HTTP/1.1" 200 5616
::1 - - [21/Nov/2024:18:59:59 -0300] "GET /trabaio/servicos.php HTTP/1.1" 200 4824
::1 - - [21/Nov/2024:18:59:59 -0300] "GET /trabaio/css/styles%20-%20servicos.css HTTP/1.1" 304 -
::1 - - [21/Nov/2024:19:00:02 -0300] "GET /trabaio/cacambas.php HTTP/1.1" 200 8712
::1 - - [21/Nov/2024:19:00:04 -0300] "POST /trabaio/adicionar_ao_carrinho.php HTTP/1.1" 302 -
::1 - - [21/Nov/2024:19:00:04 -0300] "GET /trabaio/carrinho.php HTTP/1.1" 200 12944
::1 - - [21/Nov/2024:19:00:04 -0300] "GET /trabaio/imagens/opcao_pix.jpg HTTP/1.1" 304 -
::1 - - [21/Nov/2024:19:00:10 -0300] "GET /trabaio/cacambas.php HTTP/1.1" 200 8712
::1 - - [21/Nov/2024:19:00:12 -0300] "GET /trabaio/carrinho.php HTTP/1.1" 200 12944
::1 - - [21/Nov/2024:19:00:13 -0300] "GET /trabaio/cacambas.php HTTP/1.1" 200 8712
::1 - - [21/Nov/2024:19:00:14 -0300] "GET /trabaio/cacambas.php HTTP/1.1" 200 8712
::1 - - [21/Nov/2024:19:00:15 -0300] "GET /trabaio/carrinho.php HTTP/1.1" 200 12944
::1 - - [21/Nov/2024:19:00:16 -0300] "GET /trabaio/cacambas.php HTTP/1.1" 200 8712
::1 - - [21/Nov/2024:19:00:17 -0300] "POST /trabaio/adicionar_ao_carrinho.php HTTP/1.1" 302 -
::1 - - [21/Nov/2024:19:00:17 -0300] "GET /trabaio/carrinho.php HTTP/1.1" 200 13548
::1 - - [21/Nov/2024:19:00:18 -0300] "POST /trabaio/remover_carrinho.php HTTP/1.1" 302 -
::1 - - [21/Nov/2024:19:00:18 -0300] "GET /trabaio/carrinho.php?status=success HTTP/1.1" 200 12944
::1 - - [21/Nov/2024:19:02:14 -0300] "POST /trabaio/finalizar_pedido.php HTTP/1.1" 302 -
::1 - - [21/Nov/2024:19:02:14 -0300] "GET /trabaio/confirmacao_pedido.php HTTP/1.1" 200 2455
::1 - - [21/Nov/2024:19:02:20 -0300] "GET /trabaio/index.php HTTP/1.1" 200 5616
::1 - - [21/Nov/2024:19:02:23 -0300] "GET /trabaio/perfilcliente.php HTTP/1.1" 200 7405
::1 - - [21/Nov/2024:19:02:23 -0300] "GET /trabaio/css/styles-perfil.css HTTP/1.1" 404 227
::1 - - [21/Nov/2024:19:02:28 -0300] "GET /trabaio/logout.php HTTP/1.1" 302 -
::1 - - [21/Nov/2024:19:02:28 -0300] "GET /trabaio/index.php HTTP/1.1" 200 5641
::1 - - [21/Nov/2024:19:02:29 -0300] "GET /trabaio/login.php HTTP/1.1" 200 3101
::1 - - [21/Nov/2024:19:02:31 -0300] "GET /trabaio/logincacambeiro.php HTTP/1.1" 200 2214
::1 - - [21/Nov/2024:19:02:31 -0300] "GET /trabaio/css/styles-login.css HTTP/1.1" 404 226
::1 - - [21/Nov/2024:19:02:38 -0300] "POST /trabaio/logincacambeiro.php HTTP/1.1" 302 -
::1 - - [21/Nov/2024:19:02:38 -0300] "GET /trabaio/index.php HTTP/1.1" 200 5629
::1 - - [21/Nov/2024:19:02:40 -0300] "GET /trabaio/perfilcacambeiro.php HTTP/1.1" 200 16080
::1 - - [21/Nov/2024:19:02:40 -0300] "GET /trabaio/css/styles-perfil.css HTTP/1.1" 404 227
::1 - - [21/Nov/2024:19:02:40 -0300] "GET /trabaio/imagens/67328cf530567-imagem_2024-11-11_200155270.png HTTP/1.1" 304 -
::1 - - [21/Nov/2024:19:02:43 -0300] "GET /trabaio/index.php HTTP/1.1" 200 5629
::1 - - [21/Nov/2024:19:04:35 -0300] "GET /trabaio/perfilcacambeiro.php HTTP/1.1" 200 16080
::1 - - [21/Nov/2024:19:04:35 -0300] "GET /trabaio/css/styles-perfil.css HTTP/1.1" 404 227
::1 - - [21/Nov/2024:19:04:42 -0300] "GET /trabaio/get_cacamba.php?id_cacamba=37 HTTP/1.1" 200 232
::1 - - [21/Nov/2024:19:04:46 -0300] "POST /trabaio/editar_cacamba.php HTTP/1.1" 302 -
::1 - - [21/Nov/2024:19:04:46 -0300] "GET /trabaio/perfilcacambeiro.php HTTP/1.1" 200 16084
::1 - - [21/Nov/2024:19:04:46 -0300] "GET /trabaio/css/styles-perfil.css HTTP/1.1" 404 227
::1 - - [21/Nov/2024:19:04:50 -0300] "GET /trabaio/index.php HTTP/1.1" 200 5629
::1 - - [21/Nov/2024:19:04:53 -0300] "GET /trabaio/logout.php HTTP/1.1" 302 -
::1 - - [21/Nov/2024:19:04:53 -0300] "GET /trabaio/index.php HTTP/1.1" 200 5641
::1 - - [21/Nov/2024:19:04:55 -0300] "GET /trabaio/login.php HTTP/1.1" 200 3101
::1 - - [21/Nov/2024:19:04:57 -0300] "GET /trabaio/logincacambeiro.php HTTP/1.1" 200 2214
::1 - - [21/Nov/2024:19:04:57 -0300] "GET /trabaio/css/styles-login.css HTTP/1.1" 404 226
::1 - - [21/Nov/2024:19:05:01 -0300] "POST /trabaio/logincacambeiro.php HTTP/1.1" 200 2277
::1 - - [21/Nov/2024:19:05:01 -0300] "GET /trabaio/css/styles-login.css HTTP/1.1" 404 226
::1 - - [21/Nov/2024:19:05:05 -0300] "POST /trabaio/logincacambeiro.php HTTP/1.1" 200 2277
::1 - - [21/Nov/2024:19:05:05 -0300] "GET /trabaio/css/styles-login.css HTTP/1.1" 404 226
::1 - - [21/Nov/2024:19:05:10 -0300] "POST /trabaio/logincacambeiro.php HTTP/1.1" 302 -
::1 - - [21/Nov/2024:19:05:10 -0300] "GET /trabaio/index.php HTTP/1.1" 200 5627
::1 - - [21/Nov/2024:19:05:11 -0300] "GET /trabaio/perfilcacambeiro.php HTTP/1.1" 200 26979
::1 - - [21/Nov/2024:19:05:11 -0300] "GET /trabaio/css/styles-perfil.css HTTP/1.1" 404 227
::1 - - [21/Nov/2024:19:05:11 -0300] "GET /trabaio/imagens/672c017e78c43-caracaio.jfif HTTP/1.1" 304 -
::1 - - [21/Nov/2024:19:05:11 -0300] "GET /trabaio/imagens/672c023e7f230-ellon.jfif HTTP/1.1" 304 -
::1 - - [21/Nov/2024:19:05:11 -0300] "GET /trabaio/imagens/672c026a7580c-enzoevalentina.jfif HTTP/1.1" 304 -
::1 - - [21/Nov/2024:19:05:11 -0300] "GET /trabaio/imagens/672c02f99b9b3-eusouodogras.jfif HTTP/1.1" 304 -
::1 - - [21/Nov/2024:19:05:16 -0300] "GET /trabaio/index.php HTTP/1.1" 200 5627
::1 - - [21/Nov/2024:19:05:19 -0300] "GET /trabaio/logout.php HTTP/1.1" 302 -
::1 - - [21/Nov/2024:19:05:19 -0300] "GET /trabaio/index.php HTTP/1.1" 200 5641
::1 - - [21/Nov/2024:19:05:21 -0300] "GET /trabaio/login.php HTTP/1.1" 200 3101
::1 - - [21/Nov/2024:19:05:22 -0300] "GET /trabaio/logincliente.php HTTP/1.1" 200 2213
::1 - - [21/Nov/2024:19:05:23 -0300] "GET /trabaio/css/styles-login.css HTTP/1.1" 404 226
::1 - - [21/Nov/2024:19:05:25 -0300] "POST /trabaio/logincliente.php HTTP/1.1" 200 2270
::1 - - [21/Nov/2024:19:05:25 -0300] "GET /trabaio/css/styles-login.css HTTP/1.1" 404 226
::1 - - [21/Nov/2024:19:05:34 -0300] "GET /trabaio/login.php HTTP/1.1" 200 3101
::1 - - [21/Nov/2024:19:05:35 -0300] "GET /trabaio/logincacambeiro.php HTTP/1.1" 200 2214
::1 - - [21/Nov/2024:19:05:35 -0300] "GET /trabaio/css/styles-login.css HTTP/1.1" 404 226
::1 - - [21/Nov/2024:19:05:39 -0300] "POST /trabaio/logincacambeiro.php HTTP/1.1" 302 -
::1 - - [21/Nov/2024:19:05:39 -0300] "GET /trabaio/index.php HTTP/1.1" 200 5627
::1 - - [21/Nov/2024:19:05:40 -0300] "GET /trabaio/perfilcacambeiro.php HTTP/1.1" 200 26979
::1 - - [21/Nov/2024:19:05:41 -0300] "GET /trabaio/css/styles-perfil.css HTTP/1.1" 404 227
::1 - - [21/Nov/2024:19:05:49 -0300] "GET /trabaio/get_cacamba.php?id_cacamba=13 HTTP/1.1" 200 212
::1 - - [21/Nov/2024:19:05:59 -0300] "GET /trabaio/get_cacamba.php?id_cacamba=13 HTTP/1.1" 200 212
::1 - - [21/Nov/2024:19:06:01 -0300] "POST /trabaio/editar_cacamba.php HTTP/1.1" 302 -
::1 - - [21/Nov/2024:19:06:01 -0300] "GET /trabaio/perfilcacambeiro.php HTTP/1.1" 200 26983
::1 - - [21/Nov/2024:19:06:01 -0300] "GET /trabaio/css/styles-perfil.css HTTP/1.1" 404 227
::1 - - [21/Nov/2024:19:06:29 -0300] "GET /trabaio/index.php HTTP/1.1" 200 5627
::1 - - [21/Nov/2024:19:06:29 -0300] "GET /trabaio/cacambas.php HTTP/1.1" 200 9336
::1 - - [21/Nov/2024:19:06:44 -0300] "GET /trabaio/perfilcacambeiro.php HTTP/1.1" 200 26983
::1 - - [21/Nov/2024:19:06:44 -0300] "GET /trabaio/css/styles-perfil.css HTTP/1.1" 404 227
::1 - - [21/Nov/2024:19:06:48 -0300] "GET /trabaio/get_cacamba.php?id_cacamba=14 HTTP/1.1" 200 217
::1 - - [21/Nov/2024:19:06:55 -0300] "POST /trabaio/editar_cacamba.php HTTP/1.1" 302 -
::1 - - [21/Nov/2024:19:06:55 -0300] "GET /trabaio/perfilcacambeiro.php HTTP/1.1" 200 26983
::1 - - [21/Nov/2024:19:06:55 -0300] "GET /trabaio/css/styles-perfil.css HTTP/1.1" 404 227
::1 - - [21/Nov/2024:19:06:56 -0300] "GET /trabaio/get_cacamba.php?id_cacamba=14 HTTP/1.1" 200 217
::1 - - [21/Nov/2024:19:07:16 -0300] "GET /trabaio/index.php HTTP/1.1" 200 5627
::1 - - [21/Nov/2024:19:07:17 -0300] "GET /trabaio/logout.php HTTP/1.1" 302 -
::1 - - [21/Nov/2024:19:07:17 -0300] "GET /trabaio/index.php HTTP/1.1" 200 5641
::1 - - [21/Nov/2024:19:07:18 -0300] "GET /trabaio/login.php HTTP/1.1" 200 3101
::1 - - [21/Nov/2024:19:07:20 -0300] "GET /trabaio/logincliente.php HTTP/1.1" 200 2213
::1 - - [21/Nov/2024:19:07:20 -0300] "GET /trabaio/css/styles-login.css HTTP/1.1" 404 226
::1 - - [21/Nov/2024:19:10:54 -0300] "GET /trabaio/logincliente.php HTTP/1.1" 200 2231
::1 - - [21/Nov/2024:19:10:54 -0300] "GET /trabaio/css/styles-login.css HTTP/1.1" 404 226
::1 - - [21/Nov/2024:19:10:59 -0300] "POST /trabaio/logincliente.php HTTP/1.1" 200 2288
::1 - - [21/Nov/2024:19:10:59 -0300] "GET /trabaio/css/styles-login.css HTTP/1.1" 404 226
::1 - - [21/Nov/2024:19:11:36 -0300] "GET /trabaio/login.php HTTP/1.1" 200 3101
::1 - - [21/Nov/2024:19:11:37 -0300] "GET /trabaio/logincacambeiro.php HTTP/1.1" 200 2228
::1 - - [21/Nov/2024:19:11:37 -0300] "GET /trabaio/css/styles-login.css HTTP/1.1" 404 226
::1 - - [21/Nov/2024:19:11:42 -0300] "POST /trabaio/logincacambeiro.php HTTP/1.1" 200 2287
::1 - - [21/Nov/2024:19:11:42 -0300] "GET /trabaio/css/styles-login.css HTTP/1.1" 404 226
::1 - - [21/Nov/2024:19:11:50 -0300] "GET /trabaio/login.php HTTP/1.1" 200 3101
::1 - - [21/Nov/2024:19:11:53 -0300] "GET /trabaio/logincliente.php HTTP/1.1" 200 2231
::1 - - [21/Nov/2024:19:11:53 -0300] "GET /trabaio/css/styles-login.css HTTP/1.1" 404 226
::1 - - [21/Nov/2024:19:12:23 -0300] "POST /trabaio/logincliente.php HTTP/1.1" 302 -
::1 - - [21/Nov/2024:19:12:23 -0300] "GET /trabaio/index.php HTTP/1.1" 200 5616
::1 - - [21/Nov/2024:19:12:40 -0300] "GET /trabaio/cacambas.php HTTP/1.1" 200 9325
::1 - - [21/Nov/2024:19:12:53 -0300] "GET /trabaio/perfilcliente.php HTTP/1.1" 200 7405
::1 - - [21/Nov/2024:19:12:53 -0300] "GET /trabaio/css/styles-perfil.css HTTP/1.1" 404 227
::1 - - [21/Nov/2024:19:13:32 -0300] "GET /trabaio/logout.php HTTP/1.1" 302 -
::1 - - [21/Nov/2024:19:13:32 -0300] "GET /trabaio/index.php HTTP/1.1" 200 5641
::1 - - [21/Nov/2024:19:13:34 -0300] "GET /trabaio/cadastro.php HTTP/1.1" 200 3047
::1 - - [21/Nov/2024:19:13:36 -0300] "GET /trabaio/ccacambeiro.php HTTP/1.1" 200 2884
::1 - - [21/Nov/2024:19:13:38 -0300] "GET /trabaio/login.php HTTP/1.1" 200 3101
::1 - - [21/Nov/2024:19:13:39 -0300] "GET /trabaio/logincacambeiro.php HTTP/1.1" 200 2228
::1 - - [21/Nov/2024:19:13:39 -0300] "GET /trabaio/css/styles-login.css HTTP/1.1" 404 226
::1 - - [21/Nov/2024:19:13:49 -0300] "POST /trabaio/logincacambeiro.php HTTP/1.1" 302 -
::1 - - [21/Nov/2024:19:13:49 -0300] "GET /trabaio/index.php HTTP/1.1" 200 5629
::1 - - [21/Nov/2024:19:14:13 -0300] "GET /trabaio/perfilcacambeiro.php HTTP/1.1" 200 16084
::1 - - [21/Nov/2024:19:14:13 -0300] "GET /trabaio/css/styles-perfil.css HTTP/1.1" 404 227
::1 - - [21/Nov/2024:19:14:40 -0300] "GET /trabaio/index.php HTTP/1.1" 200 5629
::1 - - [21/Nov/2024:19:14:41 -0300] "GET /trabaio/servicos.php HTTP/1.1" 200 4837
::1 - - [21/Nov/2024:19:15:01 -0300] "GET /trabaio/cacambas.php HTTP/1.1" 200 9338
::1 - - [21/Nov/2024:19:16:30 -0300] "GET /trabaio/index.php HTTP/1.1" 200 5629
::1 - - [21/Nov/2024:19:16:32 -0300] "GET /trabaio/logout.php HTTP/1.1" 302 -
::1 - - [21/Nov/2024:19:16:32 -0300] "GET /trabaio/index.php HTTP/1.1" 200 5641
::1 - - [21/Nov/2024:19:17:35 -0300] "GET /trabaio/cadastro.php HTTP/1.1" 200 3047
::1 - - [21/Nov/2024:19:17:38 -0300] "GET /trabaio/ccacambeiro.php HTTP/1.1" 200 2884
::1 - - [21/Nov/2024:19:17:53 -0300] "GET /trabaio/cadastro.php HTTP/1.1" 200 3047
::1 - - [21/Nov/2024:19:17:55 -0300] "GET /trabaio/ccliente.php HTTP/1.1" 200 2912
::1 - - [21/Nov/2024:19:18:09 -0300] "GET /trabaio/login.php HTTP/1.1" 200 3101
::1 - - [21/Nov/2024:19:18:11 -0300] "GET /trabaio/logincacambeiro.php HTTP/1.1" 200 2228
::1 - - [21/Nov/2024:19:18:11 -0300] "GET /trabaio/css/styles-login.css HTTP/1.1" 404 226
::1 - - [21/Nov/2024:19:18:16 -0300] "POST /trabaio/logincacambeiro.php HTTP/1.1" 302 -
::1 - - [21/Nov/2024:19:18:16 -0300] "GET /trabaio/index.php HTTP/1.1" 200 5627
::1 - - [21/Nov/2024:19:18:17 -0300] "GET /trabaio/cacambas.php HTTP/1.1" 200 9336
::1 - - [21/Nov/2024:19:18:25 -0300] "GET /trabaio/perfilcacambeiro.php HTTP/1.1" 200 26983
::1 - - [21/Nov/2024:19:18:26 -0300] "GET /trabaio/css/styles-perfil.css HTTP/1.1" 404 227
::1 - - [21/Nov/2024:19:18:38 -0300] "GET /trabaio/ccacamba.php HTTP/1.1" 200 5249
::1 - - [21/Nov/2024:19:18:41 -0300] "GET /trabaio/index.php HTTP/1.1" 200 5627
::1 - - [21/Nov/2024:19:18:42 -0300] "GET /trabaio/cacambas.php HTTP/1.1" 200 9336
